[2024-05-02T08:20:54.179+0000] {local_task_job_runner.py:120} INFO - ::group::Pre task execution logs
[2024-05-02T08:20:54.230+0000] {taskinstance.py:2073} INFO - Dependencies all met for dep_context=non-requeueable deps ti=<TaskInstance: immo_eliza.cleaning scheduled__2024-04-29T00:00:00+00:00 [queued]>
[2024-05-02T08:20:54.251+0000] {taskinstance.py:2073} INFO - Dependencies all met for dep_context=requeueable deps ti=<TaskInstance: immo_eliza.cleaning scheduled__2024-04-29T00:00:00+00:00 [queued]>
[2024-05-02T08:20:54.253+0000] {taskinstance.py:2303} INFO - Starting attempt 1 of 1
[2024-05-02T08:20:54.284+0000] {taskinstance.py:2327} INFO - Executing <Task(PythonOperator): cleaning> on 2024-04-29 00:00:00+00:00
[2024-05-02T08:20:54.298+0000] {warnings.py:110} WARNING - /home/***/.local/lib/python3.12/site-packages/***/task/task_runner/standard_task_runner.py:61: DeprecationWarning: This process (pid=146) is multi-threaded, use of fork() may lead to deadlocks in the child.
  pid = os.fork()

[2024-05-02T08:20:54.303+0000] {standard_task_runner.py:63} INFO - Started process 159 to run task
[2024-05-02T08:20:54.303+0000] {standard_task_runner.py:90} INFO - Running: ['***', 'tasks', 'run', 'immo_eliza', 'cleaning', 'scheduled__2024-04-29T00:00:00+00:00', '--job-id', '35', '--raw', '--subdir', 'DAGS_FOLDER/eliza.py', '--cfg-path', '/tmp/tmplk3ygkwh']
[2024-05-02T08:20:54.308+0000] {standard_task_runner.py:91} INFO - Job 35: Subtask cleaning
[2024-05-02T08:20:54.413+0000] {task_command.py:426} INFO - Running <TaskInstance: immo_eliza.cleaning scheduled__2024-04-29T00:00:00+00:00 [running]> on host 2f572e0ad8bc
[2024-05-02T08:20:54.624+0000] {taskinstance.py:2644} INFO - Exporting env vars: AIRFLOW_CTX_DAG_OWNER='***' AIRFLOW_CTX_DAG_ID='immo_eliza' AIRFLOW_CTX_TASK_ID='cleaning' AIRFLOW_CTX_EXECUTION_DATE='2024-04-29T00:00:00+00:00' AIRFLOW_CTX_TRY_NUMBER='1' AIRFLOW_CTX_DAG_RUN_ID='scheduled__2024-04-29T00:00:00+00:00'
[2024-05-02T08:20:54.626+0000] {taskinstance.py:430} INFO - ::endgroup::
[2024-05-02T08:20:57.022+0000] {warnings.py:110} WARNING - /opt/***/dags/eliza/machinelearning/preprocess.py:16: DtypeWarning: Columns (0,2,3,4,5,6,9,11,12,13,14,15,16,18,19,20,21,22,24,25,29,31,38,39,40,42,43,44) have mixed types. Specify dtype option on import or set low_memory=False.
  df = pd.read_csv(newpath)

[2024-05-02T08:21:04.462+0000] {local_task_job_runner.py:310} WARNING - State of this instance has been externally set to success. Terminating instance.
[2024-05-02T08:21:04.464+0000] {local_task_job_runner.py:222} INFO - ::endgroup::
[2024-05-02T08:21:04.466+0000] {process_utils.py:132} INFO - Sending 15 to group 159. PIDs of all processes in the group: [159]
[2024-05-02T08:21:04.467+0000] {process_utils.py:87} INFO - Sending the signal 15 to group 159
[2024-05-02T08:21:04.471+0000] {taskinstance.py:2607} ERROR - Received SIGTERM. Terminating subprocesses.
[2024-05-02T08:21:04.472+0000] {taskinstance.py:441} INFO - ::group::Post task execution logs
[2024-05-02T08:21:04.601+0000] {process_utils.py:80} INFO - Process psutil.Process(pid=159, status='terminated', exitcode=0, started='08:20:53') (159) terminated with exit code 0
